<?xml version="1.0" encoding="UTF-8"?>
<!-- Generated by org.testng.reporters.JUnitReportReporter -->
<testsuite hostname="CXB9YD2" name="com.java.jenkins.JenkinsExample" tests="1" failures="0" timestamp="22 Jun 2018 10:08:56 GMT" time="5.643" errors="0">
  <testcase name="testngExample" time="5.643" classname="com.java.jenkins.JenkinsExample"/>
</testsuite> <!-- com.java.jenkins.JenkinsExample -->
